SF:lib\domain\entities\weather_entity.dart
DA:9,3
DA:16,2
DA:17,2
DA:18,2
DA:19,2
DA:20,2
DA:21,2
DA:25,1
DA:27,5
DA:30,3
DA:34,2
DA:35,6
DA:36,6
DA:37,6
DA:38,6
DA:41,1
DA:43,3
DA:44,3
DA:45,3
DA:46,2
LF:20
LH:20
end_of_record
SF:lib\infra\models\remote_weather_model.dart
DA:7,3
DA:14,3
DA:15,3
DA:16,3
DA:17,3
DA:18,3
DA:19,3
DA:22,1
DA:24,5
DA:27,1
DA:31,1
DA:32,3
DA:33,3
DA:34,3
DA:35,3
DA:38,1
DA:40,3
DA:41,3
DA:42,3
DA:43,2
LF:20
LH:20
end_of_record
SF:lib\domain\usecases\get_weather_by_city_name\get_weather_by_city_name_usecase_impl.dart
DA:9,1
DA:13,1
DA:14,2
DA:15,2
DA:18,3
DA:20,1
DA:21,2
DA:23,2
LF:8
LH:8
end_of_record
SF:lib\infra\errors\failure_request.dart
DA:4,6
DA:6,3
DA:7,3
DA:10,1
DA:11,1
DA:14,1
DA:15,1
DA:18,1
DA:19,1
DA:22,1
DA:23,1
DA:26,1
DA:27,1
DA:30,3
DA:32,1
DA:36,1
DA:38,1
DA:41,3
DA:45,12
DA:48,1
DA:49,2
LF:21
LH:21
end_of_record
SF:lib\domain\contracts\gateways\http_service.dart
DA:12,2
LF:1
LH:1
end_of_record
SF:lib\infra\contracts\gateways\dio_service.dart
DA:10,1
DA:15,1
DA:18,3
DA:19,1
DA:23,2
DA:24,1
DA:25,1
DA:26,1
DA:30,1
DA:35,2
DA:36,2
DA:37,2
DA:38,3
DA:39,1
LF:14
LH:14
end_of_record
SF:lib\infra\contracts\repositories\get_weather_repository_impl.dart
DA:11,1
DA:15,1
DA:16,3
DA:18,1
DA:19,2
DA:21,3
DA:23,1
DA:25,1
LF:8
LH:8
end_of_record
