SF:lib\domain\contracts\gateways\http_service.dart
DA:12,4
LF:1
LH:1
end_of_record
SF:lib\infra\contracts\gateways\dio_service.dart
DA:10,1
DA:15,3
DA:18,9
DA:19,3
DA:23,6
DA:24,3
DA:25,3
DA:26,3
DA:30,3
DA:35,6
DA:36,6
DA:37,6
DA:38,9
DA:39,3
LF:14
LH:14
end_of_record
SF:lib\infra\errors\failure_request.dart
DA:4,12
DA:6,3
DA:7,3
DA:10,1
DA:11,1
DA:14,1
DA:15,1
DA:18,1
DA:19,1
DA:22,1
DA:23,1
DA:26,1
DA:27,1
DA:30,3
DA:32,1
DA:36,1
DA:38,1
DA:41,3
DA:45,12
DA:48,1
DA:49,2
LF:21
LH:21
end_of_record
SF:lib\domain\entities\weather_entity.dart
DA:10,3
DA:18,1
DA:19,1
DA:20,1
DA:21,1
DA:22,1
DA:23,1
DA:24,1
DA:28,0
DA:30,0
DA:33,1
DA:37,0
DA:38,0
DA:39,0
DA:40,0
DA:41,0
DA:42,0
DA:45,1
DA:47,3
DA:48,3
DA:49,3
DA:50,3
DA:51,2
LF:23
LH:15
end_of_record
SF:lib\infra\models\remote_weather_model.dart
DA:8,2
DA:16,4
DA:17,1
DA:18,4
DA:19,4
DA:20,4
DA:21,4
DA:22,12
DA:25,0
DA:27,0
DA:30,0
DA:34,0
DA:35,0
DA:36,0
DA:37,0
DA:38,0
DA:39,0
DA:42,1
DA:44,3
DA:45,3
DA:46,3
DA:47,3
DA:48,2
LF:23
LH:14
end_of_record
SF:lib\domain\usecases\get_weather_by_city_name\get_weather_by_city_name_usecase_impl.dart
DA:9,2
DA:13,2
DA:14,4
DA:15,2
DA:18,6
DA:20,2
DA:21,2
DA:23,4
LF:8
LH:8
end_of_record
SF:lib\infra\contracts\repositories\get_weather_repository_impl.dart
DA:11,2
DA:15,2
DA:16,6
DA:18,2
DA:19,2
DA:21,6
DA:23,1
DA:25,1
LF:8
LH:8
end_of_record
SF:lib\infra\provider\remote\datasource_impl.dart
DA:10,2
DA:14,2
DA:16,4
DA:17,4
DA:22,2
DA:25,2
DA:26,2
DA:27,2
DA:28,2
DA:29,0
DA:30,0
DA:31,0
DA:32,0
DA:33,0
DA:34,0
DA:35,0
DA:36,0
DA:37,0
DA:38,0
DA:39,0
DA:40,0
DA:41,0
DA:42,0
DA:43,0
DA:44,0
DA:46,0
LF:26
LH:9
end_of_record
SF:lib\presentation\pages\home\bindings\home_binding.dart
DA:17,1
DA:18,2
DA:19,3
DA:20,3
DA:21,1
DA:22,2
DA:24,1
LF:7
LH:7
end_of_record
SF:lib\presentation\pages\home\controllers\home_controller.dart
DA:13,1
DA:15,1
DA:16,3
DA:18,1
DA:19,2
DA:21,0
DA:25,0
DA:26,0
DA:27,0
DA:28,0
LF:10
LH:5
end_of_record
